

*******************************************************************************
Sun Jul 03 13:45:47 2022


FIT:    data read from 'calor16ajuste.dat'
        format = z
        #datapoints = 7
        residuals are weighted equally (unit weight)

function used for fitting: f(x)
	f(x)=a+b*log((x/c)-1)
fitted parameters initialized with current variable values

iter      chisq       delta/lim  lambda   a             b             c            
   0 5.9283113726e-03   0.00e+00  5.66e+00   -3.328824e-02  -4.033380e-01   2.262043e+00
   1 5.9283113481e-03  -4.14e-04  5.66e-01   -3.328824e-02  -4.033380e-01   2.262044e+00

After 1 iterations the fit converged.
final sum of squares of residuals : 0.00592831
rel. change during last iteration : -4.1376e-09

degrees of freedom    (FIT_NDF)                        : 4
rms of residuals      (FIT_STDFIT) = sqrt(WSSR/ndf)    : 0.0384978
variance of residuals (reduced chisquare) = WSSR/ndf   : 0.00148208

Final set of parameters            Asymptotic Standard Error
=======================            ==========================
a               = -0.0332882       +/- 0.03963      (119.1%)
b               = -0.403338        +/- 0.03669      (9.097%)
c               = 2.26204          +/- 0.01139      (0.5033%)

correlation matrix of the fit parameters:
                a      b      c      
a               1.000 
b               0.898  1.000 
c               0.753  0.935  1.000 


*******************************************************************************
Sun Jul 03 13:46:57 2022


FIT:    data read from 'calor32ajuste.dat'
        format = z
        #datapoints = 7
        residuals are weighted equally (unit weight)

function used for fitting: f(x)
	f(x)=a+b*log((x/c)-1)
fitted parameters initialized with current variable values

iter      chisq       delta/lim  lambda   a             b             c            
   0 8.5846172281e-02   0.00e+00  5.66e+00   -3.328824e-02  -4.033380e-01   2.262044e+00
   8 1.3742860002e-03  -9.84e-02  5.66e-08    7.856845e-03  -3.376866e-01   2.291444e+00

After 8 iterations the fit converged.
final sum of squares of residuals : 0.00137429
rel. change during last iteration : -9.84068e-07

degrees of freedom    (FIT_NDF)                        : 4
rms of residuals      (FIT_STDFIT) = sqrt(WSSR/ndf)    : 0.0185357
variance of residuals (reduced chisquare) = WSSR/ndf   : 0.000343572

Final set of parameters            Asymptotic Standard Error
=======================            ==========================
a               = 0.00785685       +/- 0.01871      (238.2%)
b               = -0.337687        +/- 0.01373      (4.067%)
c               = 2.29144          +/- 0.001379     (0.06016%)

correlation matrix of the fit parameters:
                a      b      c      
a               1.000 
b               0.911  1.000 
c               0.808  0.947  1.000 


*******************************************************************************
Sun Jul 03 13:47:03 2022


FIT:    data read from 'calor64ajuste.dat'
        format = z
        #datapoints = 7
        residuals are weighted equally (unit weight)

function used for fitting: f(x)
	f(x)=a+b*log((x/c)-1)
fitted parameters initialized with current variable values

iter      chisq       delta/lim  lambda   a             b             c            
   0 5.3598483722e-02   0.00e+00  2.31e+01    7.856845e-03  -3.376866e-01   2.291444e+00
  12 5.0534666830e-04  -2.96e-01  2.31e-11    2.363484e-02  -3.273281e-01   2.296263e+00

After 12 iterations the fit converged.
final sum of squares of residuals : 0.000505347
rel. change during last iteration : -2.95509e-06

degrees of freedom    (FIT_NDF)                        : 4
rms of residuals      (FIT_STDFIT) = sqrt(WSSR/ndf)    : 0.01124
variance of residuals (reduced chisquare) = WSSR/ndf   : 0.000126337

Final set of parameters            Asymptotic Standard Error
=======================            ==========================
a               = 0.0236348        +/- 0.01126      (47.63%)
b               = -0.327328        +/- 0.007871     (2.405%)
c               = 2.29626          +/- 0.0003101    (0.0135%)

correlation matrix of the fit parameters:
                a      b      c      
a               1.000 
b               0.912  1.000 
c               0.826  0.957  1.000 


*******************************************************************************
Sun Jul 03 13:47:11 2022


FIT:    data read from 'calor128.dat'
        format = z
        #datapoints = 7
        residuals are weighted equally (unit weight)

function used for fitting: f(x)
	f(x)=a+b*log((x/c)-1)
fitted parameters initialized with current variable values

iter      chisq       delta/lim  lambda   a             b             c            
   0 2.7035253965e-02   0.00e+00  6.82e+01    2.363484e-02  -3.273281e-01   2.296263e+00
  42 2.0133283107e-03  -7.77e-01  6.82e-03   -2.045817e-04  -3.533706e-01   2.296344e+00

After 42 iterations the fit converged.
final sum of squares of residuals : 0.00201333
rel. change during last iteration : -7.77264e-06

degrees of freedom    (FIT_NDF)                        : 4
rms of residuals      (FIT_STDFIT) = sqrt(WSSR/ndf)    : 0.0224351
variance of residuals (reduced chisquare) = WSSR/ndf   : 0.000503332

Final set of parameters            Asymptotic Standard Error
=======================            ==========================
a               = -0.000204582     +/- 0.02246      (1.098e+04%)
b               = -0.353371        +/- 0.01569      (4.441%)
c               = 2.29634          +/- 0.000554     (0.02412%)

correlation matrix of the fit parameters:
                a      b      c      
a               1.000 
b               0.912  1.000 
c               0.827  0.957  1.000 


*******************************************************************************
Sun Jul 03 14:14:19 2022


FIT:    data read from 'coeficiente.txt'
        format = z
        #datapoints = 4
        residuals are weighted equally (unit weight)

function used for fitting: f(x)
	f(x)=a+x^b
fitted parameters initialized with current variable values



*******************************************************************************
Sun Jul 03 14:14:38 2022


FIT:    data read from 'coeficiente.txt'
        format = z
        #datapoints = 4
        residuals are weighted equally (unit weight)

function used for fitting: f(x)
	f(x)=a+x**b
fitted parameters initialized with current variable values

iter      chisq       delta/lim  lambda   a             b            
   0 5.5238073046e+01   0.00e+00  4.42e+00   -2.045817e-04  -3.533706e-01
  63 8.7445504279e-06  -3.95e-03  4.42e-09   -5.511486e-01   3.030658e-03

After 63 iterations the fit converged.
final sum of squares of residuals : 8.74455e-06
rel. change during last iteration : -3.94683e-08

degrees of freedom    (FIT_NDF)                        : 2
rms of residuals      (FIT_STDFIT) = sqrt(WSSR/ndf)    : 0.002091
variance of residuals (reduced chisquare) = WSSR/ndf   : 4.37228e-06

Final set of parameters            Asymptotic Standard Error
=======================            ==========================
a               = -0.551149        +/- 0.005305     (0.9625%)
b               = 0.00303066       +/- 0.001381     (45.56%)

correlation matrix of the fit parameters:
                a      b      
a               1.000 
b               0.980  1.000 


*******************************************************************************
Sun Jul 03 14:15:08 2022


FIT:    data read from 'coeficiente.txt'
        format = z
        #datapoints = 4
        residuals are weighted equally (unit weight)

function used for fitting: f(x)
	f(x)=a+x**(1/b)
fitted parameters initialized with current variable values

iter      chisq       delta/lim  lambda   a             b            
   0 3.9086811293e+00   0.00e+00  3.90e-01   -5.511486e-01   3.030658e-03
BREAK: Singular matrix in Invert_RtR

*******************************************************************************
Sun Jul 03 14:15:18 2022


FIT:    data read from 'coeficiente.txt'
        format = z
        #datapoints = 4
        residuals are weighted equally (unit weight)

function used for fitting: f(x)
	f(x)=a+x**(b)
fitted parameters initialized with current variable values

iter      chisq       delta/lim  lambda   a             b            
   0 3.9085693183e+00   0.00e+00  3.09e-01    4.373669e-01   3.033689e-03
   5 8.7445504279e-06  -2.49e-03  3.09e-06   -5.511486e-01   3.030659e-03

After 5 iterations the fit converged.
final sum of squares of residuals : 8.74455e-06
rel. change during last iteration : -2.4878e-08

degrees of freedom    (FIT_NDF)                        : 2
rms of residuals      (FIT_STDFIT) = sqrt(WSSR/ndf)    : 0.002091
variance of residuals (reduced chisquare) = WSSR/ndf   : 4.37228e-06

Final set of parameters            Asymptotic Standard Error
=======================            ==========================
a               = -0.551149        +/- 0.005305     (0.9625%)
b               = 0.00303066       +/- 0.001381     (45.56%)

correlation matrix of the fit parameters:
                a      b      
a               1.000 
b               0.980  1.000 


*******************************************************************************
Sun Jul 03 14:15:58 2022


FIT:    data read from 'coeficiente.txt'
        format = z
        #datapoints = 4
        residuals are weighted equally (unit weight)

function used for fitting: f(x)
	f(x)=a+b*x**(c)
fitted parameters initialized with current variable values

iter      chisq       delta/lim  lambda   a             b            
   0 3.9086681621e+00   0.00e+00  3.90e-01   -5.511486e-01   3.030659e-03
   9 8.2066548770e-08  -4.18e-06  3.90e-10    4.352317e-01   3.966964e+00

After 9 iterations the fit converged.
final sum of squares of residuals : 8.20665e-08
rel. change during last iteration : -4.17909e-11

degrees of freedom    (FIT_NDF)                        : 2
rms of residuals      (FIT_STDFIT) = sqrt(WSSR/ndf)    : 0.000202567
variance of residuals (reduced chisquare) = WSSR/ndf   : 4.10333e-08

Final set of parameters            Asymptotic Standard Error
=======================            ==========================
a               = 0.435232         +/- 0.0001283    (0.02947%)
b               = 3.96696          +/- 0.1462       (3.686%)

correlation matrix of the fit parameters:
                a      b      
a               1.000 
b              -0.614  1.000 


*******************************************************************************
Sun Jul 03 14:16:07 2022


FIT:    data read from 'coeficiente.txt'
        format = z
        #datapoints = 4
        residuals are weighted equally (unit weight)

function used for fitting: f(x)
	f(x)=a+b*x**(c)
fitted parameters initialized with current variable values

iter      chisq       delta/lim  lambda   a             b             c            
   0 8.2066548770e-08   0.00e+00  2.52e-01    4.352317e-01   3.966964e+00   2.296344e+00
 134 8.2425118847e-09  -1.78e-03  2.52e-09    4.354070e-01   1.384870e+01   2.754357e+00

After 134 iterations the fit converged.
final sum of squares of residuals : 8.24251e-09
rel. change during last iteration : -1.77595e-08

degrees of freedom    (FIT_NDF)                        : 1
rms of residuals      (FIT_STDFIT) = sqrt(WSSR/ndf)    : 9.07883e-05
variance of residuals (reduced chisquare) = WSSR/ndf   : 8.24251e-09

Final set of parameters            Asymptotic Standard Error
=======================            ==========================
a               = 0.435407         +/- 7.839e-05    (0.018%)
b               = 13.8487          +/- 6.856        (49.51%)
c               = 2.75436          +/- 0.1816       (6.591%)

correlation matrix of the fit parameters:
                a      b      c      
a               1.000 
b               0.689  1.000 
c               0.703  0.999  1.000 


*******************************************************************************
Sun Jul 03 14:27:19 2022


FIT:    data read from 'coeficiente.txt'
        format = z
        x range restricted to [0.00000 : 0.0700000]
        #datapoints = 3
        residuals are weighted equally (unit weight)

function used for fitting: f(x)
	f(x)=a+b*x**(c)
fitted parameters initialized with current variable values

iter      chisq       delta/lim  lambda   a             b             c            
   0 5.2792519246e-09   0.00e+00  2.52e-01    4.354070e-01   1.384870e+01   2.754357e+00
  15 0.0000000000e+00  -inf       2.52e-05    4.353002e-01   9.340902e+00   2.606675e+00

After 15 iterations the fit converged.
final sum of squares of residuals : 0
abs. change during last iteration : -3.08149e-33


Exactly as many data points as there are parameters.
In this degenerate case, all errors are zero by definition.

Final set of parameters 
======================= 

a               = 0.4353         
b               = 9.3409         
c               = 2.60667        


*******************************************************************************
Sun Jul 03 14:27:26 2022


FIT:    data read from 'coeficiente.txt'
        format = z
        x range restricted to [0.00000 : 0.0700000]
        #datapoints = 3
        residuals are weighted equally (unit weight)

function used for fitting: f(x)
	f(x)=a+b*x**(c)
fitted parameters initialized with current variable values

iter      chisq       delta/lim  lambda   a             b             c            
   0 0.0000000000e+00   nan       2.52e-01    4.353002e-01   9.340902e+00   2.606675e+00
   1 0.0000000000e+00   nan       2.52e-02    4.353002e-01   9.340902e+00   2.606675e+00

After 1 iterations the fit converged.
final sum of squares of residuals : 0
abs. change during last iteration : 0


Exactly as many data points as there are parameters.
In this degenerate case, all errors are zero by definition.

Final set of parameters 
======================= 

a               = 0.4353         
b               = 9.3409         
c               = 2.60667        


*******************************************************************************
Sun Jul 03 14:27:41 2022


FIT:    data read from 'coeficiente.txt'
        format = z
        x range restricted to [0.00000 : 0.0700000]
        #datapoints = 3
        residuals are weighted equally (unit weight)

function used for fitting: f(x)
	f(x)=a+x**(c)
fitted parameters initialized with current variable values

iter      chisq       delta/lim  lambda   a             b             c            
   0 3.7738596905e-05   0.00e+00  2.51e-01    4.353002e-01   9.340902e+00   2.606675e+00
BREAK: Singular matrix in Invert_RtR

*******************************************************************************
Sun Jul 03 15:11:54 2022


FIT:    data read from 'coeficiente.txt'
        format = z
        #datapoints = 4
        residuals are weighted equally (unit weight)

function used for fitting: f(x)
	f(x)=a+b*x**(c)
fitted parameters initialized with current variable values

iter      chisq       delta/lim  lambda   a             b             c            
   0 6.3271067658e+00   0.00e+00  5.81e-01    1.000000e+00   1.000000e+00   1.000000e+00

Current data point
=========================
#               = 2 out of 4
x               = 2.29189        
z               = 2.2914         

Current set of parameters
=========================
a               = 2.29189        
b               = -19.1238       
c               = -233.433       

BREAK: Undefined value during function evaluation

*******************************************************************************
Sun Jul 03 15:14:00 2022


FIT:    data read from 'coeficiente.txt'
        format = z
        #datapoints = 4
        residuals are weighted equally (unit weight)

function used for fitting: f(x)
	f(x)=a+b*x**c
fitted parameters initialized with current variable values

iter      chisq       delta/lim  lambda   a             b             c            
   0 6.3271067658e+00   0.00e+00  5.81e-01    1.000000e+00   1.000000e+00   1.000000e+00

Current data point
=========================
#               = 2 out of 4
x               = 2.29189        
z               = 2.2914         

Current set of parameters
=========================
a               = 2.29189        
b               = -19.1238       
c               = -233.433       

BREAK: Undefined value during function evaluation

*******************************************************************************
Sun Jul 03 15:16:00 2022


FIT:    data read from 'coeficiente.txt'
        format = z
        x range restricted to [-0.00833031 : 0.0791697]
        #datapoints = 4
        residuals are weighted equally (unit weight)

function used for fitting: f(x)
	f(x)=a+x**c
fitted parameters initialized with current variable values


Current data point
=========================
#               = 2 out of 4
x               = 2.29189        
z               = 2.2914         

Current set of parameters
=========================
a               = 2.29189        
c               = -233.433       

BREAK: Undefined value during function evaluation

*******************************************************************************
Sun Jul 03 15:16:21 2022


FIT:    data read from 'coeficiente.txt'
        format = z
        #datapoints = 4
        residuals are weighted equally (unit weight)

function used for fitting: f(x)
	f(x)=a+x**b
fitted parameters initialized with current variable values

iter      chisq       delta/lim  lambda   a             b            
   0 6.3271067658e+00   0.00e+00  7.11e-01    1.000000e+00   1.000000e+00
   6 8.1634000000e-04   0.00e+00  7.11e-03    2.286500e+00   1.180665e+01

After 6 iterations the fit converged.
final sum of squares of residuals : 0.00081634
rel. change during last iteration : 0

degrees of freedom    (FIT_NDF)                        : 2
rms of residuals      (FIT_STDFIT) = sqrt(WSSR/ndf)    : 0.0202032
variance of residuals (reduced chisquare) = WSSR/ndf   : 0.00040817

Final set of parameters            Asymptotic Standard Error
=======================            ==========================
a               = 2.2865           +/- 0.01166      (0.5101%)
b               = 11.8067          +/- 6.202e+11    (5.253e+12%)

correlation matrix of the fit parameters:
                a      b      
a               1.000 
b               0.500  1.000 


*******************************************************************************
Sun Jul 03 15:17:02 2022


FIT:    data read from 'coeficiente.txt'
        format = z
        x range restricted to [-0.0220701 : 0.114649]
        #datapoints = 3
        residuals are weighted equally (unit weight)

function used for fitting: f(x)
	f(x)=a+x**b
fitted parameters initialized with current variable values

iter      chisq       delta/lim  lambda   a             b            
   0 7.2030000000e-04   0.00e+00  1.62e+00    2.286500e+00   1.180665e+01
   3 6.8828666667e-04  -2.63e-04  1.62e-03    2.283233e+00   1.180665e+01

After 3 iterations the fit converged.
final sum of squares of residuals : 0.000688287
rel. change during last iteration : -2.62795e-09

degrees of freedom    (FIT_NDF)                        : 1
rms of residuals      (FIT_STDFIT) = sqrt(WSSR/ndf)    : 0.0262352
variance of residuals (reduced chisquare) = WSSR/ndf   : 0.000688287

Final set of parameters            Asymptotic Standard Error
=======================            ==========================
a               = 2.28323          +/- 0.01855      (0.8125%)
b               = 11.8067          +/- 8.543e+11    (7.235e+12%)

correlation matrix of the fit parameters:
                a      b      
a               1.000 
b               0.577  1.000 


*******************************************************************************
Sun Jul 03 15:17:24 2022


FIT:    data read from 'coeficiente.txt'
        format = z
        #datapoints = 3
        residuals are weighted equally (unit weight)

function used for fitting: f(x)
	f(x)=a+x**b
fitted parameters initialized with current variable values

iter      chisq       delta/lim  lambda   a             b            
   0 4.6669067281e+00   0.00e+00  7.12e-01    1.000000e+00   1.000000e+00
BREAK: Singular matrix in Invert_RtR

*******************************************************************************
Sun Jul 03 15:19:06 2022


FIT:    data read from 'coeficiente.txt'
        format = z
        x range restricted to [0.0150000 : 0.0650000]
        #datapoints = 3
        residuals are weighted equally (unit weight)

function used for fitting: f(x)
	f(x)=a+b*x**c
fitted parameters initialized with current variable values

iter      chisq       delta/lim  lambda   a             b             c            
   0 7.5207974723e-01   0.00e+00  1.60e+00    2.283233e+00   1.193324e+01   1.000000e+00
 277 1.9721522631e-31   0.00e+00  1.60e-03    2.294991e+00  -2.350622e+02   3.199672e+00

After 277 iterations the fit converged.
final sum of squares of residuals : 1.97215e-31
abs. change during last iteration : 0


Exactly as many data points as there are parameters.
In this degenerate case, all errors are zero by definition.

Final set of parameters 
======================= 

a               = 2.29499        
b               = -235.062       
c               = 3.19967        


*******************************************************************************
Sun Jul 03 15:22:37 2022


FIT:    data read from 'coeficiente.txt'
        format = z
        x range restricted to [-0.0123699 : 0.109700]
        #datapoints = 4
        residuals are weighted equally (unit weight)

function used for fitting: f(x)
	f(x)=2.263+a*x**b
fitted parameters initialized with current variable values


Current data point
=========================
#               = 2 out of 4
x               = 2.29499        
z               = 2.2914         

Current set of parameters
=========================
a               = 2.29499        
b               = -235.062       

BREAK: Undefined value during function evaluation

*******************************************************************************
Sun Jul 03 15:22:50 2022


FIT:    data read from 'coeficiente.txt'
        format = z
        x range restricted to [-0.0123699 : 0.109700]
        #datapoints = 3
        residuals are weighted equally (unit weight)

function used for fitting: f(x)
	f(x)=2.263+a*x**b
fitted parameters initialized with current variable values


Current data point
=========================
#               = 2 out of 3
x               = 2.29499        
z               = 2.2914         

Current set of parameters
=========================
a               = 2.29499        
b               = -235.062       

BREAK: Undefined value during function evaluation

*******************************************************************************
Sun Jul 03 15:23:03 2022


FIT:    data read from 'coeficiente.txt'
        format = z
        #datapoints = 3
        residuals are weighted equally (unit weight)

function used for fitting: f(x)
	f(x)=2.263+a*x**b
fitted parameters initialized with current variable values

iter      chisq       delta/lim  lambda   a             b            
   0 4.2955731250e-03   0.00e+00  9.22e-02    1.000000e+00   1.000000e+00
 135 2.2445003842e-04  -2.56e-02  9.22e-06    6.656976e-04  -9.481902e-01

After 135 iterations the fit converged.
final sum of squares of residuals : 0.00022445
rel. change during last iteration : -2.56489e-07

degrees of freedom    (FIT_NDF)                        : 1
rms of residuals      (FIT_STDFIT) = sqrt(WSSR/ndf)    : 0.0149817
variance of residuals (reduced chisquare) = WSSR/ndf   : 0.00022445

Final set of parameters            Asymptotic Standard Error
=======================            ==========================
a               = 0.000665698      +/- 0.002529     (379.9%)
b               = -0.94819         +/- 0.9563       (100.9%)

correlation matrix of the fit parameters:
                a      b      
a               1.000 
b               0.995  1.000 


*******************************************************************************
Sun Jul 03 15:23:39 2022


FIT:    data read from 'coeficiente.txt'
        format = z
        x range restricted to [-0.00331909 : 0.0943372]
        #datapoints = 3
        residuals are weighted equally (unit weight)

function used for fitting: f(x)
	f(x)=a+b*x**c
fitted parameters initialized with current variable values

iter      chisq       delta/lim  lambda   a             b             c            
   0 1.6099587064e+01   0.00e+00  7.14e-02    6.656976e-04  -9.481902e-01   1.000000e+00
BREAK: Singular matrix in Invert_RtR

*******************************************************************************
Sun Jul 03 15:32:06 2022


FIT:    data read from 'coeficiente.txt'
        format = z
        #datapoints = 4
        residuals are weighted equally (unit weight)

function used for fitting: f(x)
	f(x)=a+b*x**c
fitted parameters initialized with current variable values

iter      chisq       delta/lim  lambda   a             b             c            
   0 6.2705139658e+00   0.00e+00  5.81e-01    1.000000e+00   1.000000e+00   1.000000e+00
BREAK: Singular matrix in Invert_RtR

*******************************************************************************
Sun Jul 03 15:32:16 2022


FIT:    data read from 'coeficiente.txt'
        format = z
        #datapoints = 4
        residuals are weighted equally (unit weight)

function used for fitting: f(x)
	f(x)=a+b*x**c
fitted parameters initialized with current variable values

iter      chisq       delta/lim  lambda   a             b             c            
   0 6.2705139658e+00   0.00e+00  5.81e-01    1.000000e+00   1.000000e+00   1.000000e+00
BREAK: Singular matrix in Invert_RtR

*******************************************************************************
Sun Jul 03 15:32:28 2022


FIT:    data read from 'coeficiente.txt'
        format = z
        #datapoints = 4
        residuals are weighted equally (unit weight)

function used for fitting: f(x)
	f(x)=a+b*x**c
fitted parameters initialized with current variable values

iter      chisq       delta/lim  lambda   a             b             c            
   0 8.2694999982e-04   0.00e+00  1.32e+00    2.280900e+00  -3.464568e+00   9.933991e+00
   3 7.5554749983e-04  -3.88e-05  1.32e-03    2.285125e+00  -3.464568e+00   9.933991e+00

After 3 iterations the fit converged.
final sum of squares of residuals : 0.000755547
rel. change during last iteration : -3.87685e-10

degrees of freedom    (FIT_NDF)                        : 1
rms of residuals      (FIT_STDFIT) = sqrt(WSSR/ndf)    : 0.0274872
variance of residuals (reduced chisquare) = WSSR/ndf   : 0.000755547

Final set of parameters            Asymptotic Standard Error
=======================            ==========================
a               = 2.28512          +/- 0.01944      (0.8506%)
b               = -3.46457         +/- 6.731e+12    (1.943e+14%)
c               = 9.93399          +/- 7.531e+11    (7.581e+12%)

correlation matrix of the fit parameters:
                a      b      c      
a               1.000 
b               0.576  1.000 
c              -0.577 -1.000  1.000 


*******************************************************************************
Sun Jul 03 15:33:29 2022


FIT:    data read from 'coeficiente.txt'
        format = z
        #datapoints = 4
        residuals are weighted equally (unit weight)

function used for fitting: f(x)
	f(x)=2.6+a*x**b
fitted parameters initialized with current variable values

iter      chisq       delta/lim  lambda   a             b             c            
   0 4.7859266078e-01   0.00e+00  6.61e-02    1.000000e+00   1.000000e+00   1.000000e+00
BREAK: Singular matrix in Invert_RtR

*******************************************************************************
Sun Jul 03 15:33:46 2022


FIT:    data read from 'coeficiente.txt'
        format = z
        #datapoints = 4
        residuals are weighted equally (unit weight)

function used for fitting: f(x)
	f(x)=2.6+a*x**b
fitted parameters initialized with current variable values

iter      chisq       delta/lim  lambda   a             b             c            
   0 3.9941333975e-01   0.00e+00  2.40e-09   -4.243171e+00   8.361152e+00   1.001000e+00

Current data point
=========================
#               = 1 out of 4
x               = -6.84629e+06   
z               = 2.262          

Current set of parameters
=========================
a               = -6.84629e+06   
b               = -3.14174e+08   
c               = 1.001          

BREAK: Undefined value during function evaluation

*******************************************************************************
Sun Jul 03 15:33:56 2022


FIT:    data read from 'coeficiente.txt'
        format = z
        #datapoints = 4
        residuals are weighted equally (unit weight)

function used for fitting: f(x)
	f(x)=2.6+a*x**b
fitted parameters initialized with current variable values


Current data point
=========================
#               = 1 out of 4
x               = -6.84629e+06   
z               = 2.262          

Current set of parameters
=========================
a               = -6.84629e+06   
b               = -3.14174e+08   

BREAK: Undefined value during function evaluation

*******************************************************************************
Sun Jul 03 15:37:13 2022


FIT:    data read from 'coeficiente.txt'
        format = z
        x range restricted to [0.00175059 : 0.0717506]
        #datapoints = 4
        residuals are weighted equally (unit weight)

function used for fitting: f(x)
	f(x)=2.6+a*x**b
fitted parameters initialized with current variable values


Current data point
=========================
#               = 1 out of 4
x               = -6.84629e+06   
z               = 2.262          

Current set of parameters
=========================
a               = -6.84629e+06   
b               = -3.14174e+08   

BREAK: Undefined value during function evaluation

*******************************************************************************
Sun Jul 03 15:37:31 2022


FIT:    data read from 'coeficiente.txt'
        format = z
        #datapoints = 4
        residuals are weighted equally (unit weight)

function used for fitting: f(x)
	f(x)=a+b*x**c
fitted parameters initialized with current variable values

iter      chisq       delta/lim  lambda   a             b             c            
   0 6.2726100658e+00   0.00e+00  5.81e-01    1.000000e+00   1.000000e+00   1.000000e+00
BREAK: Singular matrix in Invert_RtR

*******************************************************************************
Sun Jul 03 15:38:57 2022


FIT:    data read from 'coeficiente.txt'
        format = z
        #datapoints = 4
        residuals are weighted equally (unit weight)

function used for fitting: f(x)
	f(x)=a+b*x**c
fitted parameters initialized with current variable values

iter      chisq       delta/lim  lambda   a             b             c            
   0 7.0621999998e-04   0.00e+00  1.32e+00    2.281100e+00  -3.824479e+00   1.076244e+01
   2 7.0612999998e-04  -7.54e-02  1.32e-02    2.281250e+00  -3.824479e+00   1.076244e+01

After 2 iterations the fit converged.
final sum of squares of residuals : 0.00070613
rel. change during last iteration : -7.54173e-07

degrees of freedom    (FIT_NDF)                        : 1
rms of residuals      (FIT_STDFIT) = sqrt(WSSR/ndf)    : 0.0265731
variance of residuals (reduced chisquare) = WSSR/ndf   : 0.00070613

Final set of parameters            Asymptotic Standard Error
=======================            ==========================
a               = 2.28125          +/- 0.01534      (0.6725%)
b               = -3.82448         +/- 7.045e+27    (1.842e+29%)
c               = 10.7624          +/- 7.081e+26    (6.579e+27%)

correlation matrix of the fit parameters:
                a      b      c      
a               1.000 
b              -0.000  1.000 
c               0.000 -1.000  1.000 


*******************************************************************************
Sun Jul 03 15:53:09 2022


FIT:    data read from 'coeficiente.txt'
        format = z
        #datapoints = 3
        residuals are weighted equally (unit weight)

function used for fitting: f(x)
	f(x)=2.6+a*x**b
fitted parameters initialized with current variable values

iter      chisq       delta/lim  lambda   a             b            
   0 3.1450651578e-01   0.00e+00  5.57e-02    1.000000e+00   1.000000e+00
   2 2.7970143124e-01  -1.03e-03  5.57e-04    3.436843e-01   4.245101e+00

After 2 iterations the fit converged.
final sum of squares of residuals : 0.279701
rel. change during last iteration : -1.0303e-08

degrees of freedom    (FIT_NDF)                        : 1
rms of residuals      (FIT_STDFIT) = sqrt(WSSR/ndf)    : 0.528868
variance of residuals (reduced chisquare) = WSSR/ndf   : 0.279701

Final set of parameters            Asymptotic Standard Error
=======================            ==========================
a               = 0.343684         +/- 1.236e+08    (3.597e+10%)
b               = 4.2451           +/- 1.045e+08    (2.461e+09%)

correlation matrix of the fit parameters:
                a      b      
a               1.000 
b               1.000  1.000 


*******************************************************************************
Sun Jul 03 16:01:34 2022


FIT:    data read from 'coeficiente.txt'
        format = z
        #datapoints = 3
        residuals are weighted equally (unit weight)

function used for fitting: f(x)
	f(x)=a*x**b
fitted parameters initialized with current variable values

iter      chisq       delta/lim  lambda   a             b            
   0 1.2390157813e-03   0.00e+00  5.57e-02    1.000000e+00   1.000000e+00
  24 4.2826182913e-06  -4.62e-03  5.57e-06    2.287331e-02  -9.960803e-02

After 24 iterations the fit converged.
final sum of squares of residuals : 4.28262e-06
rel. change during last iteration : -4.62243e-08

degrees of freedom    (FIT_NDF)                        : 1
rms of residuals      (FIT_STDFIT) = sqrt(WSSR/ndf)    : 0.00206945
variance of residuals (reduced chisquare) = WSSR/ndf   : 4.28262e-06

Final set of parameters            Asymptotic Standard Error
=======================            ==========================
a               = 0.0228733        +/- 0.005951     (26.02%)
b               = -0.099608        +/- 0.06106      (61.3%)

correlation matrix of the fit parameters:
                a      b      
a               1.000 
b               0.991  1.000 


*******************************************************************************
Sun Jul 03 16:02:10 2022


FIT:    data read from 'coeficiente.txt'
        format = z
        x range restricted to [-0.0232716 : 0.0682811]
        #datapoints = 4
        residuals are weighted equally (unit weight)

function used for fitting: f(x)
	f(x)=a*x**b
fitted parameters initialized with current variable values

iter      chisq       delta/lim  lambda   a             b            
   0 1.2326963877e-03   0.00e+00  2.56e-02    2.287331e-02  -9.960803e-02
  67 5.6347474167e-04  -7.16e-01  2.56e-07    2.721003e-03  -5.630049e-01

After 67 iterations the fit converged.
final sum of squares of residuals : 0.000563475
rel. change during last iteration : -7.15637e-06

degrees of freedom    (FIT_NDF)                        : 2
rms of residuals      (FIT_STDFIT) = sqrt(WSSR/ndf)    : 0.016785
variance of residuals (reduced chisquare) = WSSR/ndf   : 0.000281737

Final set of parameters            Asymptotic Standard Error
=======================            ==========================
a               = 0.002721         +/- 0.005922     (217.7%)
b               = -0.563005        +/- 0.49         (87.03%)

correlation matrix of the fit parameters:
                a      b      
a               1.000 
b               0.990  1.000 


*******************************************************************************
Sun Jul 03 16:02:28 2022


FIT:    data read from 'coeficiente.txt'
        format = z
        x range restricted to [-0.213116 : 0.136130]
        #datapoints = 3
        residuals are weighted equally (unit weight)

function used for fitting: f(x)
	f(x)=a*x**b
fitted parameters initialized with current variable values

iter      chisq       delta/lim  lambda   a             b            
   0 5.3330691753e-04   0.00e+00  3.55e-02    2.721003e-03  -5.630049e-01
  48 3.6060160099e-04  -1.12e-01  3.55e-07    4.329555e-04  -1.084179e+00

After 48 iterations the fit converged.
final sum of squares of residuals : 0.000360602
rel. change during last iteration : -1.11588e-06

degrees of freedom    (FIT_NDF)                        : 1
rms of residuals      (FIT_STDFIT) = sqrt(WSSR/ndf)    : 0.0189895
variance of residuals (reduced chisquare) = WSSR/ndf   : 0.000360602

Final set of parameters            Asymptotic Standard Error
=======================            ==========================
a               = 0.000432955      +/- 0.002068     (477.6%)
b               = -1.08418         +/- 1.191        (109.9%)

correlation matrix of the fit parameters:
                a      b      
a               1.000 
b               0.996  1.000 


*******************************************************************************
Sun Jul 03 16:03:15 2022


FIT:    data read from 'coeficiente.txt'
        format = z
        x range restricted to [-0.213116 : 0.136130]
BREAK: No data to fit

*******************************************************************************
Sun Jul 03 16:03:28 2022


FIT:    data read from 'coeficiente.txt'
        format = z
        #datapoints = 4
        residuals are weighted equally (unit weight)

function used for fitting: f(x)
	f(x)=a*x**b
fitted parameters initialized with current variable values

iter      chisq       delta/lim  lambda   a             b            
   0 2.1744211645e+04   0.00e+00  2.49e+02    1.000000e+00   1.000000e+00
   7 5.6347449274e-04  -7.00e-02  2.49e-05    2.731128e-03   5.621711e-01

After 7 iterations the fit converged.
final sum of squares of residuals : 0.000563474
rel. change during last iteration : -7.00371e-07

degrees of freedom    (FIT_NDF)                        : 2
rms of residuals      (FIT_STDFIT) = sqrt(WSSR/ndf)    : 0.016785
variance of residuals (reduced chisquare) = WSSR/ndf   : 0.000281737

Final set of parameters            Asymptotic Standard Error
=======================            ==========================
a               = 0.00273113       +/- 0.00594      (217.5%)
b               = 0.562171         +/- 0.4896       (87.1%)

correlation matrix of the fit parameters:
                a      b      
a               1.000 
b              -0.990  1.000 


*******************************************************************************
Sun Jul 03 16:03:51 2022


FIT:    data read from 'coeficiente.txt'
        format = z
        x range restricted to [-45.5682 : 173.182]
        #datapoints = 3
        residuals are weighted equally (unit weight)

function used for fitting: f(x)
	f(x)=a*x**b
fitted parameters initialized with current variable values

iter      chisq       delta/lim  lambda   a             b            
   0 2.4379214474e-04   0.00e+00  6.02e-02    2.731128e-03   5.621711e-01
  42 4.2826182931e-06  -1.99e-02  6.02e-08    2.287336e-02   9.960751e-02

After 42 iterations the fit converged.
final sum of squares of residuals : 4.28262e-06
rel. change during last iteration : -1.99234e-07

degrees of freedom    (FIT_NDF)                        : 1
rms of residuals      (FIT_STDFIT) = sqrt(WSSR/ndf)    : 0.00206945
variance of residuals (reduced chisquare) = WSSR/ndf   : 4.28262e-06

Final set of parameters            Asymptotic Standard Error
=======================            ==========================
a               = 0.0228734        +/- 0.005951     (26.02%)
b               = 0.0996075        +/- 0.06106      (61.3%)

correlation matrix of the fit parameters:
                a      b      
a               1.000 
b              -0.991  1.000 


*******************************************************************************
Sun Jul 03 16:11:17 2022


FIT:    data read from 'coeficiente.txt'
        format = z
        #datapoints = 3
        residuals are weighted equally (unit weight)

function used for fitting: f(x)
	f(x)=a*x+b
fitted parameters initialized with current variable values

iter      chisq       delta/lim  lambda   a             b            
   0 7.9726910846e+01   0.00e+00  3.05e+00    1.000000e+00   1.000000e+00
   5 4.0016666724e-06  -2.82e-03  3.05e-05    3.534603e-03   1.996667e-02

After 5 iterations the fit converged.
final sum of squares of residuals : 4.00167e-06
rel. change during last iteration : -2.81804e-08

degrees of freedom    (FIT_NDF)                        : 1
rms of residuals      (FIT_STDFIT) = sqrt(WSSR/ndf)    : 0.00200042
variance of residuals (reduced chisquare) = WSSR/ndf   : 4.00167e-06

Final set of parameters            Asymptotic Standard Error
=======================            ==========================
a               = 0.0035346        +/- 0.002041     (57.74%)
b               = 0.0199667        +/- 0.008565     (42.9%)

correlation matrix of the fit parameters:
                a      b      
a               1.000 
b              -0.991  1.000 


*******************************************************************************
Sun Jul 03 16:12:35 2022


FIT:    data read from 'coeficiente.txt'
        format = z
        x range restricted to [3.03175 : 5.53175]
        #datapoints = 3
        residuals are weighted equally (unit weight)

function used for fitting: f(x)
	f(x)=a*x+b
fitted parameters initialized with current variable values

iter      chisq       delta/lim  lambda   a             b            
   0 1.3616666684e-06   0.00e+00  1.76e-02    3.534603e-03   1.996667e-02
   4 2.8166666820e-07  -1.07e-03  1.76e-06    3.534603e-03   1.936667e-02

After 4 iterations the fit converged.
final sum of squares of residuals : 2.81667e-07
rel. change during last iteration : -1.07276e-08

degrees of freedom    (FIT_NDF)                        : 1
rms of residuals      (FIT_STDFIT) = sqrt(WSSR/ndf)    : 0.000530723
variance of residuals (reduced chisquare) = WSSR/ndf   : 2.81667e-07

Final set of parameters            Asymptotic Standard Error
=======================            ==========================
a               = 0.0035346        +/- 0.0005414    (15.32%)
b               = 0.0193667        +/- 0.002272     (11.73%)

correlation matrix of the fit parameters:
                a      b      
a               1.000 
b              -0.991  1.000 


*******************************************************************************
Sun Jul 03 16:12:59 2022


FIT:    data read from 'coeficiente.txt'
        format = z
        x range restricted to [3.03175 : 5.53175]
BREAK: No data to fit

*******************************************************************************
Sun Jul 03 16:13:08 2022


FIT:    data read from 'coeficiente.txt'
        format = z
        #datapoints = 3
        residuals are weighted equally (unit weight)

function used for fitting: f(x)
	f(x)=a*x+b
fitted parameters initialized with current variable values

iter      chisq       delta/lim  lambda   a             b            
   0 2.1938846821e+04   0.00e+00  5.99e+01    1.000000e+00   1.000000e+00
   6 6.8600000000e-06  -8.69e-05  5.99e-05    4.375000e-05   3.140000e-02

After 6 iterations the fit converged.
final sum of squares of residuals : 6.86e-06
rel. change during last iteration : -8.69278e-10

degrees of freedom    (FIT_NDF)                        : 1
rms of residuals      (FIT_STDFIT) = sqrt(WSSR/ndf)    : 0.00261916
variance of residuals (reduced chisquare) = WSSR/ndf   : 6.86e-06

Final set of parameters            Asymptotic Standard Error
=======================            ==========================
a               = 4.375e-05        +/- 3.789e-05    (86.6%)
b               = 0.0314           +/- 0.003208     (10.22%)

correlation matrix of the fit parameters:
                a      b      
a               1.000 
b              -0.882  1.000 


*******************************************************************************
Sun Jul 03 16:20:33 2022


FIT:    data read from 'coeficiente.txt'
        format = z
        #datapoints = 3
        residuals are weighted equally (unit weight)

function used for fitting: f(x)
	f(x)=a*x**b
fitted parameters initialized with current variable values

iter      chisq       delta/lim  lambda   a             b            
   0 1.2390157813e-03   0.00e+00  5.57e-02    1.000000e+00   1.000000e+00
  24 4.2826182913e-06  -4.62e-03  5.57e-06    2.287331e-02  -9.960803e-02

After 24 iterations the fit converged.
final sum of squares of residuals : 4.28262e-06
rel. change during last iteration : -4.62243e-08

degrees of freedom    (FIT_NDF)                        : 1
rms of residuals      (FIT_STDFIT) = sqrt(WSSR/ndf)    : 0.00206945
variance of residuals (reduced chisquare) = WSSR/ndf   : 4.28262e-06

Final set of parameters            Asymptotic Standard Error
=======================            ==========================
a               = 0.0228733        +/- 0.005951     (26.02%)
b               = -0.099608        +/- 0.06106      (61.3%)

correlation matrix of the fit parameters:
                a      b      
a               1.000 
b               0.991  1.000 


*******************************************************************************
Sun Jul 03 16:21:15 2022


FIT:    data read from 'coeficiente.txt'
        format = z
        x range restricted to [0.00368134 : 0.0348513]
        #datapoints = 3
        residuals are weighted equally (unit weight)

function used for fitting: f(x)
	f(x)=a*x
fitted parameters initialized with current variable values

iter      chisq       delta/lim  lambda   a             b            
   0 3.5382013430e-03   0.00e+00  3.34e-04    2.287331e-02  -9.960803e-02
BREAK: Singular matrix in Invert_RtR

*******************************************************************************
Sun Jul 03 16:21:31 2022


FIT:    data read from 'coeficiente.txt'
        format = z
        x range restricted to [0.00368134 : 0.0348513]
        #datapoints = 3
        residuals are weighted equally (unit weight)

function used for fitting: f(x)
	f(x)=a*x
fitted parameters initialized with current variable values

iter      chisq       delta/lim  lambda   a            
   0 1.0027566667e-03   0.00e+00  2.95e-02    1.429333e+00
   1 1.0027566667e-03   0.00e+00  2.95e-03    1.429333e+00

After 1 iterations the fit converged.
final sum of squares of residuals : 0.00100276
rel. change during last iteration : 0

degrees of freedom    (FIT_NDF)                        : 2
rms of residuals      (FIT_STDFIT) = sqrt(WSSR/ndf)    : 0.0223915
variance of residuals (reduced chisquare) = WSSR/ndf   : 0.000501378

Final set of parameters            Asymptotic Standard Error
=======================            ==========================
a               = 1.42933          +/- 0.6254       (43.76%)


*******************************************************************************
Sun Jul 03 16:21:46 2022


FIT:    data read from 'coeficiente.txt'
        format = z
        #datapoints = 3
        residuals are weighted equally (unit weight)

function used for fitting: f(x)
	f(x)=a*x
fitted parameters initialized with current variable values

iter      chisq       delta/lim  lambda   a            
   0 1.2390157813e-03   0.00e+00  2.07e-02    1.000000e+00
   3 1.0027566667e-03  -1.63e-02  2.07e-05    1.429333e+00

After 3 iterations the fit converged.
final sum of squares of residuals : 0.00100276
rel. change during last iteration : -1.62532e-07

degrees of freedom    (FIT_NDF)                        : 2
rms of residuals      (FIT_STDFIT) = sqrt(WSSR/ndf)    : 0.0223915
variance of residuals (reduced chisquare) = WSSR/ndf   : 0.000501378

Final set of parameters            Asymptotic Standard Error
=======================            ==========================
a               = 1.42933          +/- 0.6254       (43.76%)


*******************************************************************************
Sun Jul 03 16:22:17 2022


FIT:    data read from 'coeficiente.txt'
        format = z
        x range restricted to [0.00500000 : 0.0350000]
        #datapoints = 3
        residuals are weighted equally (unit weight)

function used for fitting: f(x)
	f(x)=a*x+b
fitted parameters initialized with current variable values

iter      chisq       delta/lim  lambda   a             b            
   0 2.9493360887e+00   0.00e+00  7.07e-01    1.429333e+00   1.000000e+00
   5 1.7150000000e-06  -1.61e-01  7.07e-06   -2.240000e-01   3.875000e-02

After 5 iterations the fit converged.
final sum of squares of residuals : 1.715e-06
rel. change during last iteration : -1.61305e-06

degrees of freedom    (FIT_NDF)                        : 1
rms of residuals      (FIT_STDFIT) = sqrt(WSSR/ndf)    : 0.00130958
variance of residuals (reduced chisquare) = WSSR/ndf   : 1.715e-06

Final set of parameters            Asymptotic Standard Error
=======================            ==========================
a               = -0.224           +/- 0.0776       (34.64%)
b               = 0.03875          +/- 0.001604     (4.139%)

correlation matrix of the fit parameters:
                a      b      
a               1.000 
b              -0.882  1.000 


*******************************************************************************
Sun Jul 03 16:23:53 2022


FIT:    data read from 'coeficiente.txt'
        format = z
        x range restricted to [0.00500000 : 0.0350000]
        #datapoints = 3
        residuals are weighted equally (unit weight)

function used for fitting: f(x)
	f(x)=a*x**b
fitted parameters initialized with current variable values

iter      chisq       delta/lim  lambda   a             b            
   0 1.8531240877e+01   0.00e+00  1.37e-01   -2.240000e-01   3.875000e-02
   6 4.0059388381e-06  -1.66e-03  1.37e-07    2.280018e+00  -1.539807e-03

After 6 iterations the fit converged.
final sum of squares of residuals : 4.00594e-06
rel. change during last iteration : -1.66122e-08

degrees of freedom    (FIT_NDF)                        : 1
rms of residuals      (FIT_STDFIT) = sqrt(WSSR/ndf)    : 0.00200148
variance of residuals (reduced chisquare) = WSSR/ndf   : 4.00594e-06

Final set of parameters            Asymptotic Standard Error
=======================            ==========================
a               = 2.28002          +/- 0.008517     (0.3736%)
b               = -0.00153981      +/- 0.0008898    (57.79%)

correlation matrix of the fit parameters:
                a      b      
a               1.000 
b               0.991  1.000 


*******************************************************************************
Sun Jul 03 16:24:27 2022


FIT:    data read from 'coeficiente.txt'
        format = z
        x range restricted to [0.00718739 : 0.0321364]
        #datapoints = 3
        residuals are weighted equally (unit weight)

function used for fitting: f(x)
	f(x)=a*x+b
fitted parameters initialized with current variable values

iter      chisq       delta/lim  lambda   a             b            
   0 1.5252041548e+01   0.00e+00  3.33e-02    2.280018e+00  -1.539807e-03
   6 1.7150000000e-06  -1.82e-08  3.33e-03   -2.240000e-01   2.298750e+00

After 6 iterations the fit converged.
final sum of squares of residuals : 1.715e-06
rel. change during last iteration : -1.81754e-13

degrees of freedom    (FIT_NDF)                        : 1
rms of residuals      (FIT_STDFIT) = sqrt(WSSR/ndf)    : 0.00130958
variance of residuals (reduced chisquare) = WSSR/ndf   : 1.715e-06

Final set of parameters            Asymptotic Standard Error
=======================            ==========================
a               = -0.224           +/- 0.0776       (34.64%)
b               = 2.29875          +/- 0.001604     (0.06977%)

correlation matrix of the fit parameters:
                a      b      
a               1.000 
b              -0.882  1.000 
