

*******************************************************************************
Sun Jul 03 16:44:37 2022


FIT:    data read from 'correlaciontocho128.dat'
        format = z
        #datapoints = 8
        residuals are weighted equally (unit weight)

function used for fitting: f(x)
	f(x)=exp(-x/a)/x
fitted parameters initialized with current variable values

iter      chisq       delta/lim  lambda   a            
   0 9.0419299663e-03   0.00e+00  1.40e-01    1.000000e+00
   4 8.5663006853e-03  -6.05e-03  1.40e-05    1.059599e+00

After 4 iterations the fit converged.
final sum of squares of residuals : 0.0085663
rel. change during last iteration : -6.05412e-08

degrees of freedom    (FIT_NDF)                        : 7
rms of residuals      (FIT_STDFIT) = sqrt(WSSR/ndf)    : 0.0349822
variance of residuals (reduced chisquare) = WSSR/ndf   : 0.00122376

Final set of parameters            Asymptotic Standard Error
=======================            ==========================
a               = 1.0596           +/- 0.09301      (8.778%)
